[2022-08-17 22:47:57.498] [jointLog] [info] setting maxHashResizeThreads to 10
[2022-08-17 22:47:57.498] [jointLog] [info] Fragment incompatibility prior below threshold.  Incompatible fragments will be ignored.
[2022-08-17 22:47:57.498] [jointLog] [info] You specified --dumpEqWeights, which implies --dumpEq; that option has been enabled.
[2022-08-17 22:47:57.498] [jointLog] [info] Usage of --validateMappings implies use of minScoreFraction. Since not explicitly specified, it is being set to 0.65
[2022-08-17 22:47:57.498] [jointLog] [info] Setting consensusSlack to selective-alignment default of 0.35.
[2022-08-17 22:47:57.498] [jointLog] [info] parsing read library format
[2022-08-17 22:47:57.498] [jointLog] [info] There is 1 library.
[2022-08-17 22:47:57.572] [jointLog] [info] Loading pufferfish index
[2022-08-17 22:47:57.574] [jointLog] [info] Loading dense pufferfish index.
[2022-08-17 22:48:04.459] [jointLog] [info] done
[2022-08-17 22:48:04.459] [jointLog] [info] Index contained 198,540 targets
[2022-08-17 22:48:08.190] [jointLog] [info] Number of decoys : 0
[2022-08-17 22:48:08.842] [jointLog] [info] Automatically detected most likely library type as IU

[2022-08-17 22:51:34.599] [fileLog] [info] 
At end of round 0
==================
Observed 35305151 total fragments (35305151 in most recent round)

[2022-08-17 22:51:34.597] [jointLog] [info] Computed 355,392 rich equivalence classes for further processing
[2022-08-17 22:51:34.598] [jointLog] [info] Counted 35,305,068 total reads in the equivalence classes 
[2022-08-17 22:51:34.615] [jointLog] [info] Number of mappings discarded because of alignment score : 5,575,490
[2022-08-17 22:51:34.615] [jointLog] [info] Number of fragments entirely discarded because of alignment score : 74
[2022-08-17 22:51:34.615] [jointLog] [info] Number of fragments discarded because they are best-mapped to decoys : 0
[2022-08-17 22:51:34.615] [jointLog] [info] Number of fragments discarded because they have only dovetail (discordant) mappings to valid targets : 34,557
[2022-08-17 22:51:34.615] [jointLog] [info] Mapping rate = 99.9998%

[2022-08-17 22:51:34.615] [jointLog] [info] finished quantifyLibrary()
[2022-08-17 22:51:34.621] [jointLog] [info] Starting optimizer
[2022-08-17 22:51:34.898] [jointLog] [info] Marked 0 weighted equivalence classes as degenerate
[2022-08-17 22:51:34.940] [jointLog] [info] iteration = 0 | max rel diff. = 5866.31
[2022-08-17 22:51:35.348] [jointLog] [info] iteration 11, adjusting effective lengths to account for biases
[2022-08-17 22:52:08.744] [jointLog] [info] Computed expected counts (for bias correction)
[2022-08-17 22:52:08.744] [jointLog] [info] processed bias for 0.0% of the transcripts
[2022-08-17 22:52:11.901] [jointLog] [info] processed bias for 10.0% of the transcripts
[2022-08-17 22:52:15.228] [jointLog] [info] processed bias for 20.0% of the transcripts
[2022-08-17 22:52:18.200] [jointLog] [info] processed bias for 30.0% of the transcripts
[2022-08-17 22:52:21.253] [jointLog] [info] processed bias for 40.0% of the transcripts
[2022-08-17 22:52:24.311] [jointLog] [info] processed bias for 50.0% of the transcripts
[2022-08-17 22:52:27.672] [jointLog] [info] processed bias for 60.0% of the transcripts
[2022-08-17 22:52:31.075] [jointLog] [info] processed bias for 70.0% of the transcripts
[2022-08-17 22:52:34.379] [jointLog] [info] processed bias for 80.0% of the transcripts
[2022-08-17 22:52:37.469] [jointLog] [info] processed bias for 90.0% of the transcripts
[2022-08-17 22:52:40.438] [jointLog] [info] processed bias for 100.0% of the transcripts
[2022-08-17 22:52:44.063] [jointLog] [info] iteration = 100 | max rel diff. = 12.0755
[2022-08-17 22:52:48.052] [jointLog] [info] iteration = 200 | max rel diff. = 6.34807
[2022-08-17 22:52:52.060] [jointLog] [info] iteration = 300 | max rel diff. = 3.8667
[2022-08-17 22:52:56.189] [jointLog] [info] iteration = 400 | max rel diff. = 1.51202
[2022-08-17 22:53:00.241] [jointLog] [info] iteration = 500 | max rel diff. = 0.657652
[2022-08-17 22:53:04.230] [jointLog] [info] iteration = 600 | max rel diff. = 2.03368
[2022-08-17 22:53:08.240] [jointLog] [info] iteration = 700 | max rel diff. = 0.31312
[2022-08-17 22:53:12.246] [jointLog] [info] iteration = 800 | max rel diff. = 12.8554
[2022-08-17 22:53:16.228] [jointLog] [info] iteration = 900 | max rel diff. = 0.0503345
[2022-08-17 22:53:20.200] [jointLog] [info] iteration = 1,000 | max rel diff. = 0.0906033
[2022-08-17 22:53:24.197] [jointLog] [info] iteration = 1,100 | max rel diff. = 6.60058
[2022-08-17 22:53:28.193] [jointLog] [info] iteration = 1,200 | max rel diff. = 0.117805
[2022-08-17 22:53:32.171] [jointLog] [info] iteration = 1,300 | max rel diff. = 0.0155153
[2022-08-17 22:53:36.145] [jointLog] [info] iteration = 1,400 | max rel diff. = 0.0238546
[2022-08-17 22:53:40.141] [jointLog] [info] iteration = 1,500 | max rel diff. = 0.0314724
[2022-08-17 22:53:42.366] [jointLog] [info] iteration = 1,557 | max rel diff. = 0.00653232
[2022-08-17 22:53:42.401] [jointLog] [info] Finished optimizer
[2022-08-17 22:53:42.401] [jointLog] [info] writing output 

[2022-08-17 22:53:43.169] [jointLog] [info] Starting Gibbs Sampler
[2022-08-17 23:09:37.515] [jointLog] [info] Finished Gibbs Sampler
[2022-08-17 23:09:37.515] [jointLog] [info] writing equivalence class counts.
[2022-08-17 23:09:44.911] [jointLog] [info] done writing equivalence class counts.
