[2022-08-17 22:47:57.668] [jointLog] [info] setting maxHashResizeThreads to 10
[2022-08-17 22:47:57.668] [jointLog] [info] Fragment incompatibility prior below threshold.  Incompatible fragments will be ignored.
[2022-08-17 22:47:57.668] [jointLog] [info] You specified --dumpEqWeights, which implies --dumpEq; that option has been enabled.
[2022-08-17 22:47:57.668] [jointLog] [info] Usage of --validateMappings implies use of minScoreFraction. Since not explicitly specified, it is being set to 0.65
[2022-08-17 22:47:57.668] [jointLog] [info] Setting consensusSlack to selective-alignment default of 0.35.
[2022-08-17 22:47:57.668] [jointLog] [info] parsing read library format
[2022-08-17 22:47:57.668] [jointLog] [info] There is 1 library.
[2022-08-17 22:47:57.740] [jointLog] [info] Loading pufferfish index
[2022-08-17 22:47:57.741] [jointLog] [info] Loading dense pufferfish index.
[2022-08-17 22:48:04.636] [jointLog] [info] done
[2022-08-17 22:48:04.636] [jointLog] [info] Index contained 198,540 targets
[2022-08-17 22:48:08.373] [jointLog] [info] Number of decoys : 0
[2022-08-17 22:48:09.088] [jointLog] [info] Automatically detected most likely library type as IU

[2022-08-17 22:51:37.912] [jointLog] [info] Computed 356,526 rich equivalence classes for further processing
[2022-08-17 22:51:37.912] [jointLog] [info] Counted 35,698,860 total reads in the equivalence classes 
[2022-08-17 22:51:37.929] [jointLog] [info] Number of mappings discarded because of alignment score : 5,716,434
[2022-08-17 22:51:37.929] [jointLog] [info] Number of fragments entirely discarded because of alignment score : 62
[2022-08-17 22:51:37.929] [jointLog] [info] Number of fragments discarded because they are best-mapped to decoys : 0
[2022-08-17 22:51:37.929] [jointLog] [info] Number of fragments discarded because they have only dovetail (discordant) mappings to valid targets : 32,715
[2022-08-17 22:51:37.929] [jointLog] [info] Mapping rate = 99.9998%

[2022-08-17 22:51:37.929] [jointLog] [info] finished quantifyLibrary()
[2022-08-17 22:51:37.936] [jointLog] [info] Starting optimizer
[2022-08-17 22:51:38.204] [jointLog] [info] Marked 0 weighted equivalence classes as degenerate
[2022-08-17 22:51:38.246] [jointLog] [info] iteration = 0 | max rel diff. = 5097.11
[2022-08-17 22:51:37.913] [fileLog] [info] 
At end of round 0
==================
Observed 35698929 total fragments (35698929 in most recent round)

[2022-08-17 22:51:38.660] [jointLog] [info] iteration 11, adjusting effective lengths to account for biases
[2022-08-17 22:52:12.641] [jointLog] [info] Computed expected counts (for bias correction)
[2022-08-17 22:52:12.641] [jointLog] [info] processed bias for 0.0% of the transcripts
[2022-08-17 22:52:15.784] [jointLog] [info] processed bias for 10.0% of the transcripts
[2022-08-17 22:52:18.920] [jointLog] [info] processed bias for 20.0% of the transcripts
[2022-08-17 22:52:21.995] [jointLog] [info] processed bias for 30.0% of the transcripts
[2022-08-17 22:52:24.878] [jointLog] [info] processed bias for 40.0% of the transcripts
[2022-08-17 22:52:27.999] [jointLog] [info] processed bias for 50.0% of the transcripts
[2022-08-17 22:52:31.135] [jointLog] [info] processed bias for 60.0% of the transcripts
[2022-08-17 22:52:34.278] [jointLog] [info] processed bias for 70.0% of the transcripts
[2022-08-17 22:52:37.550] [jointLog] [info] processed bias for 80.0% of the transcripts
[2022-08-17 22:52:40.789] [jointLog] [info] processed bias for 90.0% of the transcripts
[2022-08-17 22:52:43.943] [jointLog] [info] processed bias for 100.0% of the transcripts
[2022-08-17 22:52:47.599] [jointLog] [info] iteration = 100 | max rel diff. = 19.6391
[2022-08-17 22:52:51.629] [jointLog] [info] iteration = 200 | max rel diff. = 8.03635
[2022-08-17 22:52:55.715] [jointLog] [info] iteration = 300 | max rel diff. = 2.20723
[2022-08-17 22:52:59.846] [jointLog] [info] iteration = 400 | max rel diff. = 13.0378
[2022-08-17 22:53:03.971] [jointLog] [info] iteration = 500 | max rel diff. = 1.62991
[2022-08-17 22:53:08.055] [jointLog] [info] iteration = 600 | max rel diff. = 9.93092
[2022-08-17 22:53:12.143] [jointLog] [info] iteration = 700 | max rel diff. = 0.627561
[2022-08-17 22:53:16.226] [jointLog] [info] iteration = 800 | max rel diff. = 0.150349
[2022-08-17 22:53:20.300] [jointLog] [info] iteration = 900 | max rel diff. = 0.227839
[2022-08-17 22:53:24.371] [jointLog] [info] iteration = 1,000 | max rel diff. = 0.0428896
[2022-08-17 22:53:28.452] [jointLog] [info] iteration = 1,100 | max rel diff. = 0.142975
[2022-08-17 22:53:32.531] [jointLog] [info] iteration = 1,200 | max rel diff. = 0.0225214
[2022-08-17 22:53:36.607] [jointLog] [info] iteration = 1,300 | max rel diff. = 0.0493063
[2022-08-17 22:53:40.681] [jointLog] [info] iteration = 1,400 | max rel diff. = 4.06004
[2022-08-17 22:53:40.722] [jointLog] [info] iteration = 1,402 | max rel diff. = 0.00620847
[2022-08-17 22:53:40.757] [jointLog] [info] Finished optimizer
[2022-08-17 22:53:40.757] [jointLog] [info] writing output 

[2022-08-17 22:53:41.474] [jointLog] [info] Starting Gibbs Sampler
[2022-08-17 23:10:04.137] [jointLog] [info] Finished Gibbs Sampler
[2022-08-17 23:10:04.137] [jointLog] [info] writing equivalence class counts.
[2022-08-17 23:10:11.075] [jointLog] [info] done writing equivalence class counts.
