[2022-08-17 22:47:57.674] [jointLog] [info] setting maxHashResizeThreads to 10
[2022-08-17 22:47:57.674] [jointLog] [info] Fragment incompatibility prior below threshold.  Incompatible fragments will be ignored.
[2022-08-17 22:47:57.674] [jointLog] [info] You specified --dumpEqWeights, which implies --dumpEq; that option has been enabled.
[2022-08-17 22:47:57.674] [jointLog] [info] Usage of --validateMappings implies use of minScoreFraction. Since not explicitly specified, it is being set to 0.65
[2022-08-17 22:47:57.674] [jointLog] [info] Setting consensusSlack to selective-alignment default of 0.35.
[2022-08-17 22:47:57.674] [jointLog] [info] parsing read library format
[2022-08-17 22:47:57.674] [jointLog] [info] There is 1 library.
[2022-08-17 22:47:57.748] [jointLog] [info] Loading pufferfish index
[2022-08-17 22:47:57.749] [jointLog] [info] Loading dense pufferfish index.
[2022-08-17 22:48:04.636] [jointLog] [info] done
[2022-08-17 22:48:04.636] [jointLog] [info] Index contained 198,540 targets
[2022-08-17 22:48:08.350] [jointLog] [info] Number of decoys : 0
[2022-08-17 22:48:08.995] [jointLog] [info] Automatically detected most likely library type as IU

[2022-08-17 22:51:21.721] [jointLog] [info] Computed 342,812 rich equivalence classes for further processing
[2022-08-17 22:51:21.721] [jointLog] [info] Counted 32,374,191 total reads in the equivalence classes 
[2022-08-17 22:51:21.738] [jointLog] [info] Number of mappings discarded because of alignment score : 5,322,624
[2022-08-17 22:51:21.738] [jointLog] [info] Number of fragments entirely discarded because of alignment score : 68
[2022-08-17 22:51:21.738] [jointLog] [info] Number of fragments discarded because they are best-mapped to decoys : 0
[2022-08-17 22:51:21.738] [jointLog] [info] Number of fragments discarded because they have only dovetail (discordant) mappings to valid targets : 38,018
[2022-08-17 22:51:21.738] [jointLog] [info] Mapping rate = 99.9998%

[2022-08-17 22:51:21.738] [jointLog] [info] finished quantifyLibrary()
[2022-08-17 22:51:21.745] [jointLog] [info] Starting optimizer
[2022-08-17 22:51:21.723] [fileLog] [info] 
At end of round 0
==================
Observed 32374262 total fragments (32374262 in most recent round)

[2022-08-17 22:51:22.003] [jointLog] [info] Marked 0 weighted equivalence classes as degenerate
[2022-08-17 22:51:22.045] [jointLog] [info] iteration = 0 | max rel diff. = 5655.12
[2022-08-17 22:51:22.448] [jointLog] [info] iteration 11, adjusting effective lengths to account for biases
[2022-08-17 22:51:55.894] [jointLog] [info] Computed expected counts (for bias correction)
[2022-08-17 22:51:55.894] [jointLog] [info] processed bias for 0.0% of the transcripts
[2022-08-17 22:51:59.207] [jointLog] [info] processed bias for 10.0% of the transcripts
[2022-08-17 22:52:02.625] [jointLog] [info] processed bias for 20.0% of the transcripts
[2022-08-17 22:52:05.746] [jointLog] [info] processed bias for 30.0% of the transcripts
[2022-08-17 22:52:08.896] [jointLog] [info] processed bias for 40.0% of the transcripts
[2022-08-17 22:52:11.832] [jointLog] [info] processed bias for 50.0% of the transcripts
[2022-08-17 22:52:15.044] [jointLog] [info] processed bias for 60.0% of the transcripts
[2022-08-17 22:52:18.430] [jointLog] [info] processed bias for 70.0% of the transcripts
[2022-08-17 22:52:21.768] [jointLog] [info] processed bias for 80.0% of the transcripts
[2022-08-17 22:52:25.092] [jointLog] [info] processed bias for 90.0% of the transcripts
[2022-08-17 22:52:28.137] [jointLog] [info] processed bias for 100.0% of the transcripts
[2022-08-17 22:52:31.723] [jointLog] [info] iteration = 100 | max rel diff. = 18.6885
[2022-08-17 22:52:35.667] [jointLog] [info] iteration = 200 | max rel diff. = 5.16193
[2022-08-17 22:52:39.612] [jointLog] [info] iteration = 300 | max rel diff. = 12.9466
[2022-08-17 22:52:43.541] [jointLog] [info] iteration = 400 | max rel diff. = 2.24604
[2022-08-17 22:52:47.476] [jointLog] [info] iteration = 500 | max rel diff. = 1.86038
[2022-08-17 22:52:51.399] [jointLog] [info] iteration = 600 | max rel diff. = 5.89765
[2022-08-17 22:52:55.362] [jointLog] [info] iteration = 700 | max rel diff. = 0.181907
[2022-08-17 22:52:59.351] [jointLog] [info] iteration = 800 | max rel diff. = 0.824412
[2022-08-17 22:53:03.346] [jointLog] [info] iteration = 900 | max rel diff. = 0.0658561
[2022-08-17 22:53:07.350] [jointLog] [info] iteration = 1,000 | max rel diff. = 0.233561
[2022-08-17 22:53:11.291] [jointLog] [info] iteration = 1,100 | max rel diff. = 0.122191
[2022-08-17 22:53:15.213] [jointLog] [info] iteration = 1,200 | max rel diff. = 0.112193
[2022-08-17 22:53:19.138] [jointLog] [info] iteration = 1,300 | max rel diff. = 2.86891
[2022-08-17 22:53:23.074] [jointLog] [info] iteration = 1,400 | max rel diff. = 0.0504454
[2022-08-17 22:53:26.985] [jointLog] [info] iteration = 1,500 | max rel diff. = 0.0540713
[2022-08-17 22:53:29.338] [jointLog] [info] iteration = 1,561 | max rel diff. = 0.00819379
[2022-08-17 22:53:29.372] [jointLog] [info] Finished optimizer
[2022-08-17 22:53:29.372] [jointLog] [info] writing output 

[2022-08-17 22:53:30.110] [jointLog] [info] Starting Gibbs Sampler
[2022-08-17 23:08:37.684] [jointLog] [info] Finished Gibbs Sampler
[2022-08-17 23:08:37.684] [jointLog] [info] writing equivalence class counts.
[2022-08-17 23:08:44.869] [jointLog] [info] done writing equivalence class counts.
