[2022-08-17 22:47:57.151] [jointLog] [info] setting maxHashResizeThreads to 10
[2022-08-17 22:47:57.151] [jointLog] [info] Fragment incompatibility prior below threshold.  Incompatible fragments will be ignored.
[2022-08-17 22:47:57.151] [jointLog] [info] You specified --dumpEqWeights, which implies --dumpEq; that option has been enabled.
[2022-08-17 22:47:57.151] [jointLog] [info] Usage of --validateMappings implies use of minScoreFraction. Since not explicitly specified, it is being set to 0.65
[2022-08-17 22:47:57.151] [jointLog] [info] Setting consensusSlack to selective-alignment default of 0.35.
[2022-08-17 22:47:57.151] [jointLog] [info] parsing read library format
[2022-08-17 22:47:57.151] [jointLog] [info] There is 1 library.
[2022-08-17 22:47:57.200] [jointLog] [info] Loading pufferfish index
[2022-08-17 22:47:57.201] [jointLog] [info] Loading dense pufferfish index.
[2022-08-17 22:47:59.729] [jointLog] [info] done
[2022-08-17 22:47:59.729] [jointLog] [info] Index contained 198,540 targets
[2022-08-17 22:48:01.507] [jointLog] [info] Number of decoys : 0
[2022-08-17 22:48:01.938] [jointLog] [info] Automatically detected most likely library type as IU

[2022-08-17 22:50:29.927] [jointLog] [info] Computed 341,150 rich equivalence classes for further processing
[2022-08-17 22:50:29.927] [jointLog] [info] Counted 31,867,115 total reads in the equivalence classes 
[2022-08-17 22:50:29.936] [jointLog] [info] Number of mappings discarded because of alignment score : 5,074,728
[2022-08-17 22:50:29.936] [jointLog] [info] Number of fragments entirely discarded because of alignment score : 70
[2022-08-17 22:50:29.936] [jointLog] [info] Number of fragments discarded because they are best-mapped to decoys : 0
[2022-08-17 22:50:29.936] [jointLog] [info] Number of fragments discarded because they have only dovetail (discordant) mappings to valid targets : 36,364
[2022-08-17 22:50:29.936] [jointLog] [info] Mapping rate = 99.9998%

[2022-08-17 22:50:29.936] [jointLog] [info] finished quantifyLibrary()
[2022-08-17 22:50:29.942] [jointLog] [info] Starting optimizer
[2022-08-17 22:50:30.081] [jointLog] [info] Marked 0 weighted equivalence classes as degenerate
[2022-08-17 22:50:30.102] [jointLog] [info] iteration = 0 | max rel diff. = 7947.86
[2022-08-17 22:50:29.928] [fileLog] [info] 
At end of round 0
==================
Observed 31867188 total fragments (31867188 in most recent round)

[2022-08-17 22:50:30.309] [jointLog] [info] iteration 11, adjusting effective lengths to account for biases
[2022-08-17 22:50:45.966] [jointLog] [info] Computed expected counts (for bias correction)
[2022-08-17 22:50:45.966] [jointLog] [info] processed bias for 0.0% of the transcripts
[2022-08-17 22:50:47.532] [jointLog] [info] processed bias for 10.0% of the transcripts
[2022-08-17 22:50:49.003] [jointLog] [info] processed bias for 20.0% of the transcripts
[2022-08-17 22:50:50.514] [jointLog] [info] processed bias for 30.0% of the transcripts
[2022-08-17 22:50:52.155] [jointLog] [info] processed bias for 40.0% of the transcripts
[2022-08-17 22:50:53.779] [jointLog] [info] processed bias for 50.0% of the transcripts
[2022-08-17 22:50:55.291] [jointLog] [info] processed bias for 60.0% of the transcripts
[2022-08-17 22:50:56.950] [jointLog] [info] processed bias for 70.0% of the transcripts
[2022-08-17 22:50:58.664] [jointLog] [info] processed bias for 80.0% of the transcripts
[2022-08-17 22:51:00.306] [jointLog] [info] processed bias for 90.0% of the transcripts
[2022-08-17 22:51:02.049] [jointLog] [info] processed bias for 100.0% of the transcripts
[2022-08-17 22:51:03.871] [jointLog] [info] iteration = 100 | max rel diff. = 13.5158
[2022-08-17 22:51:05.882] [jointLog] [info] iteration = 200 | max rel diff. = 1.55144
[2022-08-17 22:51:07.888] [jointLog] [info] iteration = 300 | max rel diff. = 9.27789
[2022-08-17 22:51:09.890] [jointLog] [info] iteration = 400 | max rel diff. = 0.435394
[2022-08-17 22:51:11.893] [jointLog] [info] iteration = 500 | max rel diff. = 0.697247
[2022-08-17 22:51:13.899] [jointLog] [info] iteration = 600 | max rel diff. = 0.532943
[2022-08-17 22:51:15.905] [jointLog] [info] iteration = 700 | max rel diff. = 2.44113
[2022-08-17 22:51:17.907] [jointLog] [info] iteration = 800 | max rel diff. = 4.52851
[2022-08-17 22:51:19.873] [jointLog] [info] iteration = 900 | max rel diff. = 0.22496
[2022-08-17 22:51:21.840] [jointLog] [info] iteration = 1,000 | max rel diff. = 0.470769
[2022-08-17 22:51:23.810] [jointLog] [info] iteration = 1,100 | max rel diff. = 0.389955
[2022-08-17 22:51:25.792] [jointLog] [info] iteration = 1,200 | max rel diff. = 0.326307
[2022-08-17 22:51:27.771] [jointLog] [info] iteration = 1,300 | max rel diff. = 0.12344
[2022-08-17 22:51:28.439] [jointLog] [info] iteration = 1,335 | max rel diff. = 0.00909538
[2022-08-17 22:51:28.471] [jointLog] [info] Finished optimizer
[2022-08-17 22:51:28.471] [jointLog] [info] writing output 

[2022-08-17 22:51:28.830] [jointLog] [info] Starting Gibbs Sampler
[2022-08-17 23:02:03.076] [jointLog] [info] Finished Gibbs Sampler
[2022-08-17 23:02:03.076] [jointLog] [info] writing equivalence class counts.
[2022-08-17 23:02:07.899] [jointLog] [info] done writing equivalence class counts.
