[2022-08-17 22:47:53.873] [jointLog] [info] setting maxHashResizeThreads to 10
[2022-08-17 22:47:53.873] [jointLog] [info] Fragment incompatibility prior below threshold.  Incompatible fragments will be ignored.
[2022-08-17 22:47:53.873] [jointLog] [info] You specified --dumpEqWeights, which implies --dumpEq; that option has been enabled.
[2022-08-17 22:47:53.873] [jointLog] [info] Usage of --validateMappings implies use of minScoreFraction. Since not explicitly specified, it is being set to 0.65
[2022-08-17 22:47:53.873] [jointLog] [info] Setting consensusSlack to selective-alignment default of 0.35.
[2022-08-17 22:47:53.873] [jointLog] [info] parsing read library format
[2022-08-17 22:47:53.873] [jointLog] [info] There is 1 library.
[2022-08-17 22:47:53.919] [jointLog] [info] Loading pufferfish index
[2022-08-17 22:47:53.921] [jointLog] [info] Loading dense pufferfish index.
[2022-08-17 22:47:59.728] [jointLog] [info] done
[2022-08-17 22:47:59.728] [jointLog] [info] Index contained 198,540 targets
[2022-08-17 22:48:01.429] [jointLog] [info] Number of decoys : 0
[2022-08-17 22:48:01.704] [jointLog] [info] Automatically detected most likely library type as IU

[2022-08-17 22:50:16.592] [jointLog] [info] Computed 352,539 rich equivalence classes for further processing
[2022-08-17 22:50:16.592] [jointLog] [info] Counted 33,872,099 total reads in the equivalence classes 
[2022-08-17 22:50:16.601] [jointLog] [info] Number of mappings discarded because of alignment score : 5,444,973
[2022-08-17 22:50:16.601] [jointLog] [info] Number of fragments entirely discarded because of alignment score : 58
[2022-08-17 22:50:16.601] [jointLog] [info] Number of fragments discarded because they are best-mapped to decoys : 0
[2022-08-17 22:50:16.601] [jointLog] [info] Number of fragments discarded because they have only dovetail (discordant) mappings to valid targets : 36,085
[2022-08-17 22:50:16.601] [jointLog] [info] Mapping rate = 99.9998%

[2022-08-17 22:50:16.601] [jointLog] [info] finished quantifyLibrary()
[2022-08-17 22:50:16.605] [jointLog] [info] Starting optimizer
[2022-08-17 22:50:16.733] [jointLog] [info] Marked 0 weighted equivalence classes as degenerate
[2022-08-17 22:50:16.751] [jointLog] [info] iteration = 0 | max rel diff. = 6954.27
[2022-08-17 22:50:16.593] [fileLog] [info] 
At end of round 0
==================
Observed 33872165 total fragments (33872165 in most recent round)

[2022-08-17 22:50:16.935] [jointLog] [info] iteration 11, adjusting effective lengths to account for biases
[2022-08-17 22:50:30.440] [jointLog] [info] Computed expected counts (for bias correction)
[2022-08-17 22:50:30.440] [jointLog] [info] processed bias for 0.0% of the transcripts
[2022-08-17 22:50:31.803] [jointLog] [info] processed bias for 10.0% of the transcripts
[2022-08-17 22:50:33.297] [jointLog] [info] processed bias for 20.0% of the transcripts
[2022-08-17 22:50:34.658] [jointLog] [info] processed bias for 30.0% of the transcripts
[2022-08-17 22:50:35.959] [jointLog] [info] processed bias for 40.0% of the transcripts
[2022-08-17 22:50:37.282] [jointLog] [info] processed bias for 50.0% of the transcripts
[2022-08-17 22:50:38.682] [jointLog] [info] processed bias for 60.0% of the transcripts
[2022-08-17 22:50:40.140] [jointLog] [info] processed bias for 70.0% of the transcripts
[2022-08-17 22:50:41.476] [jointLog] [info] processed bias for 80.0% of the transcripts
[2022-08-17 22:50:42.821] [jointLog] [info] processed bias for 90.0% of the transcripts
[2022-08-17 22:50:44.143] [jointLog] [info] processed bias for 100.0% of the transcripts
[2022-08-17 22:50:45.765] [jointLog] [info] iteration = 100 | max rel diff. = 19.4663
[2022-08-17 22:50:47.558] [jointLog] [info] iteration = 200 | max rel diff. = 7.93261
[2022-08-17 22:50:49.352] [jointLog] [info] iteration = 300 | max rel diff. = 11.5537
[2022-08-17 22:50:51.145] [jointLog] [info] iteration = 400 | max rel diff. = 0.590528
[2022-08-17 22:50:52.939] [jointLog] [info] iteration = 500 | max rel diff. = 8.57602
[2022-08-17 22:50:54.742] [jointLog] [info] iteration = 600 | max rel diff. = 0.944408
[2022-08-17 22:50:56.522] [jointLog] [info] iteration = 700 | max rel diff. = 1.30389
[2022-08-17 22:50:58.318] [jointLog] [info] iteration = 800 | max rel diff. = 0.217663
[2022-08-17 22:51:00.118] [jointLog] [info] iteration = 900 | max rel diff. = 0.073415
[2022-08-17 22:51:01.916] [jointLog] [info] iteration = 1,000 | max rel diff. = 4.37558
[2022-08-17 22:51:03.713] [jointLog] [info] iteration = 1,100 | max rel diff. = 0.30313
[2022-08-17 22:51:05.511] [jointLog] [info] iteration = 1,200 | max rel diff. = 0.211579
[2022-08-17 22:51:07.308] [jointLog] [info] iteration = 1,300 | max rel diff. = 0.529586
[2022-08-17 22:51:09.107] [jointLog] [info] iteration = 1,400 | max rel diff. = 0.0629961
[2022-08-17 22:51:10.903] [jointLog] [info] iteration = 1,500 | max rel diff. = 7.18405
[2022-08-17 22:51:12.701] [jointLog] [info] iteration = 1,600 | max rel diff. = 0.14884
[2022-08-17 22:51:14.501] [jointLog] [info] iteration = 1,700 | max rel diff. = 0.0253051
[2022-08-17 22:51:16.300] [jointLog] [info] iteration = 1,800 | max rel diff. = 1.54745
[2022-08-17 22:51:18.095] [jointLog] [info] iteration = 1,900 | max rel diff. = 0.0280285
[2022-08-17 22:51:19.891] [jointLog] [info] iteration = 2,000 | max rel diff. = 0.150945
[2022-08-17 22:51:20.035] [jointLog] [info] iteration = 2,009 | max rel diff. = 0.00241139
[2022-08-17 22:51:20.066] [jointLog] [info] Finished optimizer
[2022-08-17 22:51:20.066] [jointLog] [info] writing output 

[2022-08-17 22:51:20.400] [jointLog] [info] Starting Gibbs Sampler
[2022-08-17 23:01:14.751] [jointLog] [info] Finished Gibbs Sampler
[2022-08-17 23:01:14.751] [jointLog] [info] writing equivalence class counts.
[2022-08-17 23:01:18.541] [jointLog] [info] done writing equivalence class counts.
