[2022-08-17 22:47:57.154] [jointLog] [info] setting maxHashResizeThreads to 10
[2022-08-17 22:47:57.154] [jointLog] [info] Fragment incompatibility prior below threshold.  Incompatible fragments will be ignored.
[2022-08-17 22:47:57.154] [jointLog] [info] You specified --dumpEqWeights, which implies --dumpEq; that option has been enabled.
[2022-08-17 22:47:57.154] [jointLog] [info] Usage of --validateMappings implies use of minScoreFraction. Since not explicitly specified, it is being set to 0.65
[2022-08-17 22:47:57.154] [jointLog] [info] Setting consensusSlack to selective-alignment default of 0.35.
[2022-08-17 22:47:57.154] [jointLog] [info] parsing read library format
[2022-08-17 22:47:57.154] [jointLog] [info] There is 1 library.
[2022-08-17 22:47:57.203] [jointLog] [info] Loading pufferfish index
[2022-08-17 22:47:57.203] [jointLog] [info] Loading dense pufferfish index.
[2022-08-17 22:47:59.729] [jointLog] [info] done
[2022-08-17 22:47:59.729] [jointLog] [info] Index contained 198,540 targets
[2022-08-17 22:48:01.721] [jointLog] [info] Number of decoys : 0
[2022-08-17 22:48:02.427] [jointLog] [info] Automatically detected most likely library type as IU

[2022-08-17 22:50:46.069] [fileLog] [info] 
At end of round 0
==================
Observed 32250458 total fragments (32250458 in most recent round)

[2022-08-17 22:50:46.069] [jointLog] [info] Computed 343,147 rich equivalence classes for further processing
[2022-08-17 22:50:46.069] [jointLog] [info] Counted 32,250,372 total reads in the equivalence classes 
[2022-08-17 22:50:46.079] [jointLog] [info] Number of mappings discarded because of alignment score : 5,490,556
[2022-08-17 22:50:46.079] [jointLog] [info] Number of fragments entirely discarded because of alignment score : 81
[2022-08-17 22:50:46.079] [jointLog] [info] Number of fragments discarded because they are best-mapped to decoys : 0
[2022-08-17 22:50:46.079] [jointLog] [info] Number of fragments discarded because they have only dovetail (discordant) mappings to valid targets : 37,881
[2022-08-17 22:50:46.079] [jointLog] [info] Mapping rate = 99.9997%

[2022-08-17 22:50:46.079] [jointLog] [info] finished quantifyLibrary()
[2022-08-17 22:50:46.082] [jointLog] [info] Starting optimizer
[2022-08-17 22:50:46.229] [jointLog] [info] Marked 0 weighted equivalence classes as degenerate
[2022-08-17 22:50:46.252] [jointLog] [info] iteration = 0 | max rel diff. = 7157.37
[2022-08-17 22:50:46.481] [jointLog] [info] iteration 11, adjusting effective lengths to account for biases
[2022-08-17 22:51:01.706] [jointLog] [info] Computed expected counts (for bias correction)
[2022-08-17 22:51:01.706] [jointLog] [info] processed bias for 0.0% of the transcripts
[2022-08-17 22:51:03.316] [jointLog] [info] processed bias for 10.0% of the transcripts
[2022-08-17 22:51:04.906] [jointLog] [info] processed bias for 20.0% of the transcripts
[2022-08-17 22:51:06.464] [jointLog] [info] processed bias for 30.0% of the transcripts
[2022-08-17 22:51:08.002] [jointLog] [info] processed bias for 40.0% of the transcripts
[2022-08-17 22:51:09.585] [jointLog] [info] processed bias for 50.0% of the transcripts
[2022-08-17 22:51:11.174] [jointLog] [info] processed bias for 60.0% of the transcripts
[2022-08-17 22:51:12.894] [jointLog] [info] processed bias for 70.0% of the transcripts
[2022-08-17 22:51:14.551] [jointLog] [info] processed bias for 80.0% of the transcripts
[2022-08-17 22:51:16.140] [jointLog] [info] processed bias for 90.0% of the transcripts
[2022-08-17 22:51:17.589] [jointLog] [info] processed bias for 100.0% of the transcripts
[2022-08-17 22:51:19.682] [jointLog] [info] iteration = 100 | max rel diff. = 16.5586
[2022-08-17 22:51:21.977] [jointLog] [info] iteration = 200 | max rel diff. = 16.6847
[2022-08-17 22:51:24.290] [jointLog] [info] iteration = 300 | max rel diff. = 20.0317
[2022-08-17 22:51:26.594] [jointLog] [info] iteration = 400 | max rel diff. = 11.9167
[2022-08-17 22:51:28.885] [jointLog] [info] iteration = 500 | max rel diff. = 7.81099
[2022-08-17 22:51:31.166] [jointLog] [info] iteration = 600 | max rel diff. = 0.124432
[2022-08-17 22:51:33.448] [jointLog] [info] iteration = 700 | max rel diff. = 0.567093
[2022-08-17 22:51:35.726] [jointLog] [info] iteration = 800 | max rel diff. = 0.492694
[2022-08-17 22:51:37.999] [jointLog] [info] iteration = 900 | max rel diff. = 0.106632
[2022-08-17 22:51:40.320] [jointLog] [info] iteration = 1,000 | max rel diff. = 3.65832
[2022-08-17 22:51:42.624] [jointLog] [info] iteration = 1,100 | max rel diff. = 0.701105
[2022-08-17 22:51:44.910] [jointLog] [info] iteration = 1,200 | max rel diff. = 0.164857
[2022-08-17 22:51:47.173] [jointLog] [info] iteration = 1,300 | max rel diff. = 0.0217795
[2022-08-17 22:51:48.296] [jointLog] [info] iteration = 1,350 | max rel diff. = 0.00985947
[2022-08-17 22:51:48.333] [jointLog] [info] Finished optimizer
[2022-08-17 22:51:48.333] [jointLog] [info] writing output 

[2022-08-17 22:51:48.718] [jointLog] [info] Starting Gibbs Sampler
[2022-08-17 23:03:08.412] [jointLog] [info] Finished Gibbs Sampler
[2022-08-17 23:03:08.412] [jointLog] [info] writing equivalence class counts.
[2022-08-17 23:03:12.656] [jointLog] [info] done writing equivalence class counts.
