[2022-08-17 22:47:57.424] [jointLog] [info] setting maxHashResizeThreads to 10
[2022-08-17 22:47:57.424] [jointLog] [info] Fragment incompatibility prior below threshold.  Incompatible fragments will be ignored.
[2022-08-17 22:47:57.424] [jointLog] [info] You specified --dumpEqWeights, which implies --dumpEq; that option has been enabled.
[2022-08-17 22:47:57.424] [jointLog] [info] Usage of --validateMappings implies use of minScoreFraction. Since not explicitly specified, it is being set to 0.65
[2022-08-17 22:47:57.424] [jointLog] [info] Setting consensusSlack to selective-alignment default of 0.35.
[2022-08-17 22:47:57.424] [jointLog] [info] parsing read library format
[2022-08-17 22:47:57.424] [jointLog] [info] There is 1 library.
[2022-08-17 22:47:57.501] [jointLog] [info] Loading pufferfish index
[2022-08-17 22:47:57.503] [jointLog] [info] Loading dense pufferfish index.
[2022-08-17 22:48:04.381] [jointLog] [info] done
[2022-08-17 22:48:04.381] [jointLog] [info] Index contained 198,540 targets
[2022-08-17 22:48:08.106] [jointLog] [info] Number of decoys : 0
[2022-08-17 22:48:08.890] [jointLog] [info] Automatically detected most likely library type as IU

[2022-08-17 22:51:44.121] [fileLog] [info] 
At end of round 0
==================
Observed 36911935 total fragments (36911935 in most recent round)

[2022-08-17 22:51:44.120] [jointLog] [info] Computed 356,283 rich equivalence classes for further processing
[2022-08-17 22:51:44.120] [jointLog] [info] Counted 36,911,850 total reads in the equivalence classes 
[2022-08-17 22:51:44.137] [jointLog] [info] Number of mappings discarded because of alignment score : 6,037,786
[2022-08-17 22:51:44.137] [jointLog] [info] Number of fragments entirely discarded because of alignment score : 79
[2022-08-17 22:51:44.137] [jointLog] [info] Number of fragments discarded because they are best-mapped to decoys : 0
[2022-08-17 22:51:44.137] [jointLog] [info] Number of fragments discarded because they have only dovetail (discordant) mappings to valid targets : 34,270
[2022-08-17 22:51:44.137] [jointLog] [info] Mapping rate = 99.9998%

[2022-08-17 22:51:44.137] [jointLog] [info] finished quantifyLibrary()
[2022-08-17 22:51:44.144] [jointLog] [info] Starting optimizer
[2022-08-17 22:51:44.414] [jointLog] [info] Marked 0 weighted equivalence classes as degenerate
[2022-08-17 22:51:44.459] [jointLog] [info] iteration = 0 | max rel diff. = 4844.46
[2022-08-17 22:51:44.894] [jointLog] [info] iteration 11, adjusting effective lengths to account for biases
[2022-08-17 22:52:18.464] [jointLog] [info] Computed expected counts (for bias correction)
[2022-08-17 22:52:18.464] [jointLog] [info] processed bias for 0.0% of the transcripts
[2022-08-17 22:52:21.671] [jointLog] [info] processed bias for 10.0% of the transcripts
[2022-08-17 22:52:24.826] [jointLog] [info] processed bias for 20.0% of the transcripts
[2022-08-17 22:52:27.811] [jointLog] [info] processed bias for 30.0% of the transcripts
[2022-08-17 22:52:30.897] [jointLog] [info] processed bias for 40.0% of the transcripts
[2022-08-17 22:52:34.199] [jointLog] [info] processed bias for 50.0% of the transcripts
[2022-08-17 22:52:37.325] [jointLog] [info] processed bias for 60.0% of the transcripts
[2022-08-17 22:52:40.299] [jointLog] [info] processed bias for 70.0% of the transcripts
[2022-08-17 22:52:43.306] [jointLog] [info] processed bias for 80.0% of the transcripts
[2022-08-17 22:52:46.797] [jointLog] [info] processed bias for 90.0% of the transcripts
[2022-08-17 22:52:50.061] [jointLog] [info] processed bias for 100.0% of the transcripts
[2022-08-17 22:52:53.791] [jointLog] [info] iteration = 100 | max rel diff. = 16.1754
[2022-08-17 22:52:57.859] [jointLog] [info] iteration = 200 | max rel diff. = 5.16717
[2022-08-17 22:53:01.903] [jointLog] [info] iteration = 300 | max rel diff. = 10.195
[2022-08-17 22:53:05.947] [jointLog] [info] iteration = 400 | max rel diff. = 1.32239
[2022-08-17 22:53:10.002] [jointLog] [info] iteration = 500 | max rel diff. = 0.487815
[2022-08-17 22:53:14.126] [jointLog] [info] iteration = 600 | max rel diff. = 0.64402
[2022-08-17 22:53:18.187] [jointLog] [info] iteration = 700 | max rel diff. = 0.119427
[2022-08-17 22:53:22.318] [jointLog] [info] iteration = 800 | max rel diff. = 1.34174
[2022-08-17 22:53:26.407] [jointLog] [info] iteration = 900 | max rel diff. = 0.271905
[2022-08-17 22:53:30.516] [jointLog] [info] iteration = 1,000 | max rel diff. = 0.270041
[2022-08-17 22:53:34.529] [jointLog] [info] iteration = 1,100 | max rel diff. = 0.13598
[2022-08-17 22:53:38.576] [jointLog] [info] iteration = 1,200 | max rel diff. = 0.522985
[2022-08-17 22:53:42.684] [jointLog] [info] iteration = 1,300 | max rel diff. = 0.15315
[2022-08-17 22:53:46.760] [jointLog] [info] iteration = 1,400 | max rel diff. = 0.0233517
[2022-08-17 22:53:50.807] [jointLog] [info] iteration = 1,500 | max rel diff. = 0.0473242
[2022-08-17 22:53:53.103] [jointLog] [info] iteration = 1,558 | max rel diff. = 0.00910107
[2022-08-17 22:53:53.139] [jointLog] [info] Finished optimizer
[2022-08-17 22:53:53.139] [jointLog] [info] writing output 

[2022-08-17 22:53:53.948] [jointLog] [info] Starting Gibbs Sampler
[2022-08-17 23:10:01.691] [jointLog] [info] Finished Gibbs Sampler
[2022-08-17 23:10:01.691] [jointLog] [info] writing equivalence class counts.
[2022-08-17 23:10:09.349] [jointLog] [info] done writing equivalence class counts.
